Crashlog created at 2013-03-20 11:31:15 +0900

===== MESSAGE:

NoMethodError: undefined method `+' for nil:NilClass

===== COMPILATION STACK:

  - [item]   / (rep default)

===== STACK TRACE:

  0. lib/helpers.rb:4:in `prev_link'
  1. layout /default/:58:in `block in render'
  2. /var/lib/gems/1.9.1/gems/haml-4.0.0/lib/haml/engine.rb:129:in `eval'
  3. /var/lib/gems/1.9.1/gems/haml-4.0.0/lib/haml/engine.rb:129:in `render'
  4. /var/lib/gems/1.9.1/gems/nanoc-3.6.1/lib/nanoc/filters/haml.rb:23:in `run'
  5. /var/lib/gems/1.9.1/gems/nanoc-3.6.1/lib/nanoc/base/compilation/filter.rb:122:in `setup_and_run'
  6. /var/lib/gems/1.9.1/gems/nanoc-3.6.1/lib/nanoc/base/result_data/item_rep.rb:401:in `layout'
  7. /var/lib/gems/1.9.1/gems/nanoc-3.6.1/lib/nanoc/base/compilation/item_rep_proxy.rb:69:in `layout'
  8. /var/lib/gems/1.9.1/gems/nanoc-3.6.1/lib/nanoc/base/compilation/rule_context.rb:68:in `layout'
  9. ./Rules:41:in `block in load'
  10. /var/lib/gems/1.9.1/gems/nanoc-3.6.1/lib/nanoc/base/compilation/rule.rb:68:in `instance_eval'
  11. /var/lib/gems/1.9.1/gems/nanoc-3.6.1/lib/nanoc/base/compilation/rule.rb:68:in `apply_to'
  12. /var/lib/gems/1.9.1/gems/nanoc-3.6.1/lib/nanoc/base/compilation/compiler.rb:383:in `compile_rep'
  13. /var/lib/gems/1.9.1/gems/nanoc-3.6.1/lib/nanoc/base/compilation/compiler.rb:339:in `block in compile_reps'
  14. /var/lib/gems/1.9.1/gems/nanoc-3.6.1/lib/nanoc/base/compilation/compiler.rb:332:in `loop'
  15. /var/lib/gems/1.9.1/gems/nanoc-3.6.1/lib/nanoc/base/compilation/compiler.rb:332:in `compile_reps'
  16. /var/lib/gems/1.9.1/gems/nanoc-3.6.1/lib/nanoc/base/compilation/compiler.rb:89:in `run'
  17. /var/lib/gems/1.9.1/gems/nanoc-3.6.1/lib/nanoc/base/source_data/site.rb:58:in `compile'
  18. /var/lib/gems/1.9.1/gems/nanoc-3.6.1/lib/nanoc/cli/commands/compile.rb:325:in `run'
  19. /var/lib/gems/1.9.1/gems/nanoc-3.6.1/lib/nanoc/cli/command_runner.rb:14:in `block in call'
  20. /var/lib/gems/1.9.1/gems/nanoc-3.6.1/lib/nanoc/cli/error_handler.rb:70:in `handle_while'
  21. /var/lib/gems/1.9.1/gems/nanoc-3.6.1/lib/nanoc/cli/error_handler.rb:26:in `handle_while'
  22. /var/lib/gems/1.9.1/gems/nanoc-3.6.1/lib/nanoc/cli/command_runner.rb:13:in `call'
  23. /var/lib/gems/1.9.1/gems/cri-2.3.0/lib/cri/command_dsl.rb:185:in `block in runner'
  24. /var/lib/gems/1.9.1/gems/cri-2.3.0/lib/cri/command.rb:296:in `call'
  25. /var/lib/gems/1.9.1/gems/cri-2.3.0/lib/cri/command.rb:296:in `run_this'
  26. /var/lib/gems/1.9.1/gems/cri-2.3.0/lib/cri/command.rb:249:in `run'
  27. /var/lib/gems/1.9.1/gems/cri-2.3.0/lib/cri/command.rb:262:in `run'
  28. /var/lib/gems/1.9.1/gems/nanoc-3.6.1/lib/nanoc/cli.rb:52:in `block in run'
  29. /var/lib/gems/1.9.1/gems/nanoc-3.6.1/lib/nanoc/cli/error_handler.rb:70:in `handle_while'
  30. /var/lib/gems/1.9.1/gems/nanoc-3.6.1/lib/nanoc/cli/error_handler.rb:26:in `handle_while'
  31. /var/lib/gems/1.9.1/gems/nanoc-3.6.1/lib/nanoc/cli.rb:50:in `run'
  32. /var/lib/gems/1.9.1/gems/nanoc-3.6.1/bin/nanoc:19:in `<top (required)>'
  33. /usr/local/bin/nanoc:19:in `load'
  ... 36 more lines omitted. See full crash log for details.

===== VERSION INFORMATION:

nanoc 3.6.1 © 2007-2013 Denis Defreyne.
Running ruby 1.9.3 (2011-10-30) on i686-linux with RubyGems 1.8.11.

===== SYSTEM INFORMATION:

Linux ubuntu 3.2.0-29-generic-pae #46-Ubuntu SMP Fri Jul 27 17:25:43 UTC 2012 i686 i686 i386 GNU/Linux

===== INSTALLED GEMS:

  adsf 1.1.1
  coderay 1.0.9
  coffee-script 2.2.0
  coffee-script-source 1.5.0
  colored 1.2
  cri 2.3.0
  execjs 1.4.0
  haml 4.0.0
  mime-types 1.21
  multi_json 1.6.1
  nanoc 3.6.1
  nokogiri 1.5.6
  rack 1.5.2
  redcarpet 2.2.2
  sass 3.2.6
  tilt 1.3.3

===== ENVIRONMENT:

HOME => "/home/mori"
LANG => "ja_JP,UTF-8"
LESSCLOSE => "/usr/bin/lesspipe %s %s"
LESSOPEN => "| /usr/bin/lesspipe %s"
LOGNAME => "mori"
LS_COLORS => "rs=0:di=01;34:ln=01;36:mh=00:pi=40;33:so=01;35:do=01;35:bd=40;33;01:cd=40;33;01:or=40;31;01:su=37;41:sg=30;43:ca=30;41:tw=30;42:ow=34;42:st=37;44:ex=01;32:*.tar=01;31:*.tgz=01;31:*.arj=01;31:*.taz=01;31:*.lzh=01;31:*.lzma=01;31:*.tlz=01;31:*.txz=01;31:*.zip=01;31:*.z=01;31:*.Z=01;31:*.dz=01;31:*.gz=01;31:*.lz=01;31:*.xz=01;31:*.bz2=01;31:*.bz=01;31:*.tbz=01;31:*.tbz2=01;31:*.tz=01;31:*.deb=01;31:*.rpm=01;31:*.jar=01;31:*.war=01;31:*.ear=01;31:*.sar=01;31:*.rar=01;31:*.ace=01;31:*.zoo=01;31:*.cpio=01;31:*.7z=01;31:*.rz=01;31:*.jpg=01;35:*.jpeg=01;35:*.gif=01;35:*.bmp=01;35:*.pbm=01;35:*.pgm=01;35:*.ppm=01;35:*.tga=01;35:*.xbm=01;35:*.xpm=01;35:*.tif=01;35:*.tiff=01;35:*.png=01;35:*.svg=01;35:*.svgz=01;35:*.mng=01;35:*.pcx=01;35:*.mov=01;35:*.mpg=01;35:*.mpeg=01;35:*.m2v=01;35:*.mkv=01;35:*.webm=01;35:*.ogm=01;35:*.mp4=01;35:*.m4v=01;35:*.mp4v=01;35:*.vob=01;35:*.qt=01;35:*.nuv=01;35:*.wmv=01;35:*.asf=01;35:*.rm=01;35:*.rmvb=01;35:*.flc=01;35:*.avi=01;35:*.fli=01;35:*.flv=01;35:*.gl=01;35:*.dl=01;35:*.xcf=01;35:*.xwd=01;35:*.yuv=01;35:*.cgm=01;35:*.emf=01;35:*.axv=01;35:*.anx=01;35:*.ogv=01;35:*.ogx=01;35:*.aac=00;36:*.au=00;36:*.flac=00;36:*.mid=00;36:*.midi=00;36:*.mka=00;36:*.mp3=00;36:*.mpc=00;36:*.ogg=00;36:*.ra=00;36:*.wav=00;36:*.axa=00;36:*.oga=00;36:*.spx=00;36:*.xspf=00;36:"
MAIL => "/var/mail/mori"
OLDPWD => "/home/mori"
PATH => "/usr/local/sbin:/usr/local/bin:/usr/sbin:/usr/bin:/sbin:/bin:/usr/games"
PWD => "/home/mori/test"
SHELL => "/bin/bash"
SHLVL => "1"
SSH_CLIENT => "192.168.0.4 53218 22"
SSH_CONNECTION => "192.168.0.4 53218 192.168.0.5 22"
SSH_TTY => "/dev/pts/0"
TERM => "xterm"
USER => "mori"
_ => "/usr/local/bin/nanoc"

===== LOAD PATHS:

  0. /var/lib/gems/1.9.1/gems/nanoc-3.6.1/lib
  1. /var/lib/gems/1.9.1/gems/colored-1.2/lib
  2. /var/lib/gems/1.9.1/gems/cri-2.3.0/lib
  3. /var/lib/gems/1.9.1/gems/nanoc-3.6.1/lib
  4. /var/lib/gems/1.9.1/gems/redcarpet-2.2.2/lib
  5. /var/lib/gems/1.9.1/gems/coderay-1.0.9/lib
  6. /var/lib/gems/1.9.1/gems/tilt-1.3.3/lib
  7. /var/lib/gems/1.9.1/gems/haml-4.0.0/lib
  8. /var/lib/gems/1.9.1/gems/sass-3.2.6/lib
  9. /usr/local/lib/site_ruby/1.9.1
  10. /usr/local/lib/site_ruby/1.9.1/i686-linux
  11. /usr/local/lib/site_ruby
  12. /usr/lib/ruby/vendor_ruby/1.9.1
  13. /usr/lib/ruby/vendor_ruby/1.9.1/i686-linux
  14. /usr/lib/ruby/vendor_ruby
  15. /usr/lib/ruby/1.9.1
  16. /usr/lib/ruby/1.9.1/i686-linux
